# JRE version: OpenJDK Runtime Environment Temurin-17.0.3+7 (17.0.3+7) (build 17.0.3+7)
# Java VM: OpenJDK 64-Bit Server VM Temurin-17.0.3+7 (17.0.3+7, mixed mode, tiered, compressed oops, compressed class ptrs, parallel gc, linux-amd64)
GC Precious Log:
 CPUs: 4 total, 4 available
 Memory: 7847M
 Large Page Support: Disabled
 NUMA Support: Disabled
 Compressed Oops: Enabled (32-bit)
 Alignments: Space 512K, Generation 512K, Heap 2M
 Heap Min Capacity: 100M
 Heap Initial Capacity: 100M
 Heap Max Capacity: 1G
 Pre-touch: Disabled
 Parallel Workers: 4
Heap:
 PSYoungGen      total 15872K, used 14138K [0x00000000eab00000, 0x00000000ebc80000, 0x0000000100000000)
  eden space 15360K, 89% used [0x00000000eab00000,0x00000000eb86f9e8,0x00000000eba00000)
  from space 512K, 74% used [0x00000000ebc00000,0x00000000ebc5f020,0x00000000ebc80000)
  to   space 1024K, 0% used [0x00000000eba80000,0x00000000eba80000,0x00000000ebb80000)
 ParOldGen       total 68608K, used 57348K [0x00000000c0000000, 0x00000000c4300000, 0x00000000eab00000)
  object space 68608K, 83% used [0x00000000c0000000,0x00000000c3801018,0x00000000c4300000)
 Metaspace       used 58702K, committed 59776K, reserved 1105920K
  class space    used 6287K, committed 6784K, reserved 1048576K
GC Heap History (20 events):
Event: 6.202 GC heap before
{Heap before GC invocations=35 (full 2):
 PSYoungGen      total 16896K, used 16640K [0x00000000eab00000, 0x00000000ec000000, 0x0000000100000000)
  eden space 15872K, 100% used [0x00000000eab00000,0x00000000eba80000,0x00000000eba80000)
  from space 1024K, 75% used [0x00000000ebf00000,0x00000000ebfc0000,0x00000000ec000000)
  to   space 1024K, 0% used [0x00000000ebe00000,0x00000000ebe00000,0x00000000ebf00000)
 ParOldGen       total 68608K, used 46594K [0x00000000c0000000, 0x00000000c4300000, 0x00000000eab00000)
  object space 68608K, 67% used [0x00000000c0000000,0x00000000c2d80aa8,0x00000000c4300000)
 Metaspace       used 55956K, committed 57024K, reserved 1105920K
  class space    used 6056K, committed 6528K, reserved 1048576K
}
Event: 6.207 GC heap after
{Heap after GC invocations=35 (full 2):
 PSYoungGen      total 16896K, used 1022K [0x00000000eab00000, 0x00000000ebf80000, 0x0000000100000000)
  eden space 15872K, 0% used [0x00000000eab00000,0x00000000eab00000,0x00000000eba80000)
  from space 1024K, 99% used [0x00000000ebe00000,0x00000000ebeffa08,0x00000000ebf00000)
  to   space 512K, 0% used [0x00000000ebf00000,0x00000000ebf00000,0x00000000ebf80000)
 ParOldGen       total 68608K, used 47534K [0x00000000c0000000, 0x00000000c4300000, 0x00000000eab00000)
  object space 68608K, 69% used [0x00000000c0000000,0x00000000c2e6bbd8,0x00000000c4300000)
 Metaspace       used 55956K, committed 57024K, reserved 1105920K
  class space    used 6056K, committed 6528K, reserved 1048576K
}
Event: 6.305 GC heap before
{Heap before GC invocations=36 (full 2):
 PSYoungGen      total 16896K, used 16894K [0x00000000eab00000, 0x00000000ebf80000, 0x0000000100000000)
  eden space 15872K, 100% used [0x00000000eab00000,0x00000000eba80000,0x00000000eba80000)
  from space 1024K, 99% used [0x00000000ebe00000,0x00000000ebeffa08,0x00000000ebf00000)
  to   space 512K, 0% used [0x00000000ebf00000,0x00000000ebf00000,0x00000000ebf80000)
 ParOldGen       total 68608K, used 47534K [0x00000000c0000000, 0x00000000c4300000, 0x00000000eab00000)
  object space 68608K, 69% used [0x00000000c0000000,0x00000000c2e6bbd8,0x00000000c4300000)
 Metaspace       used 56019K, committed 57024K, reserved 1105920K
  class space    used 6061K, committed 6528K, reserved 1048576K
}
Event: 6.311 GC heap after
{Heap after GC invocations=36 (full 2):
 PSYoungGen      total 16384K, used 500K [0x00000000eab00000, 0x00000000ebf80000, 0x0000000100000000)
  eden space 15872K, 0% used [0x00000000eab00000,0x00000000eab00000,0x00000000eba80000)
  from space 512K, 97% used [0x00000000ebf00000,0x00000000ebf7d200,0x00000000ebf80000)
  to   space 2048K, 0% used [0x00000000ebb80000,0x00000000ebb80000,0x00000000ebd80000)
 ParOldGen       total 68608K, used 48523K [0x00000000c0000000, 0x00000000c4300000, 0x00000000eab00000)
  object space 68608K, 70% used [0x00000000c0000000,0x00000000c2f62df8,0x00000000c4300000)
 Metaspace       used 56019K, committed 57024K, reserved 1105920K
  class space    used 6061K, committed 6528K, reserved 1048576K
}
Event: 6.383 GC heap before
{Heap before GC invocations=37 (full 2):
 PSYoungGen      total 16384K, used 16372K [0x00000000eab00000, 0x00000000ebf80000, 0x0000000100000000)
  eden space 15872K, 100% used [0x00000000eab00000,0x00000000eba80000,0x00000000eba80000)
  from space 512K, 97% used [0x00000000ebf00000,0x00000000ebf7d200,0x00000000ebf80000)
  to   space 2048K, 0% used [0x00000000ebb80000,0x00000000ebb80000,0x00000000ebd80000)
 ParOldGen       total 68608K, used 48523K [0x00000000c0000000, 0x00000000c4300000, 0x00000000eab00000)
  object space 68608K, 70% used [0x00000000c0000000,0x00000000c2f62df8,0x00000000c4300000)
 Metaspace       used 56044K, committed 57088K, reserved 1105920K
  class space    used 6061K, committed 6528K, reserved 1048576K
}
Event: 6.390 GC heap after
{Heap after GC invocations=37 (full 2):
 PSYoungGen      total 17920K, used 1184K [0x00000000eab00000, 0x00000000ebf80000, 0x0000000100000000)
  eden space 15872K, 0% used [0x00000000eab00000,0x00000000eab00000,0x00000000eba80000)
  from space 2048K, 57% used [0x00000000ebb80000,0x00000000ebca8000,0x00000000ebd80000)
  to   space 1536K, 0% used [0x00000000ebe00000,0x00000000ebe00000,0x00000000ebf80000)
 ParOldGen       total 68608K, used 49016K [0x00000000c0000000, 0x00000000c4300000, 0x00000000eab00000)
  object space 68608K, 71% used [0x00000000c0000000,0x00000000c2fde018,0x00000000c4300000)
 Metaspace       used 56044K, committed 57088K, reserved 1105920K
  class space    used 6061K, committed 6528K, reserved 1048576K
}
Event: 6.496 GC heap before
{Heap before GC invocations=38 (full 2):
 PSYoungGen      total 17920K, used 17056K [0x00000000eab00000, 0x00000000ebf80000, 0x0000000100000000)
  eden space 15872K, 100% used [0x00000000eab00000,0x00000000eba80000,0x00000000eba80000)
  from space 2048K, 57% used [0x00000000ebb80000,0x00000000ebca8000,0x00000000ebd80000)
  to   space 1536K, 0% used [0x00000000ebe00000,0x00000000ebe00000,0x00000000ebf80000)
 ParOldGen       total 68608K, used 49016K [0x00000000c0000000, 0x00000000c4300000, 0x00000000eab00000)
  object space 68608K, 71% used [0x00000000c0000000,0x00000000c2fde018,0x00000000c4300000)
 Metaspace       used 56135K, committed 57152K, reserved 1105920K
  class space    used 6068K, committed 6528K, reserved 1048576K
}
Event: 6.503 GC heap after
{Heap after GC invocations=38 (full 2):
 PSYoungGen      total 17408K, used 1456K [0x00000000eab00000, 0x00000000ebf80000, 0x0000000100000000)
  eden space 15872K, 0% used [0x00000000eab00000,0x00000000eab00000,0x00000000eba80000)
  from space 1536K, 94% used [0x00000000ebe00000,0x00000000ebf6c010,0x00000000ebf80000)
  to   space 1536K, 0% used [0x00000000ebc80000,0x00000000ebc80000,0x00000000ebe00000)
 ParOldGen       total 68608K, used 50080K [0x00000000c0000000, 0x00000000c4300000, 0x00000000eab00000)
  object space 68608K, 72% used [0x00000000c0000000,0x00000000c30e8018,0x00000000c4300000)
 Metaspace       used 56135K, committed 57152K, reserved 1105920K
  class space    used 6068K, committed 6528K, reserved 1048576K
}
Event: 6.686 GC heap before
{Heap before GC invocations=39 (full 2):
 PSYoungGen      total 17408K, used 17328K [0x00000000eab00000, 0x00000000ebf80000, 0x0000000100000000)
  eden space 15872K, 100% used [0x00000000eab00000,0x00000000eba80000,0x00000000eba80000)
  from space 1536K, 94% used [0x00000000ebe00000,0x00000000ebf6c010,0x00000000ebf80000)
  to   space 1536K, 0% used [0x00000000ebc80000,0x00000000ebc80000,0x00000000ebe00000)
 ParOldGen       total 68608K, used 50080K [0x00000000c0000000, 0x00000000c4300000, 0x00000000eab00000)
  object space 68608K, 72% used [0x00000000c0000000,0x00000000c30e8018,0x00000000c4300000)
 Metaspace       used 56794K, committed 57792K, reserved 1105920K
  class space    used 6130K, committed 6592K, reserved 1048576K
}
Event: 6.692 GC heap after
{Heap after GC invocations=39 (full 2):
 PSYoungGen      total 17408K, used 1504K [0x00000000eab00000, 0x00000000ec080000, 0x0000000100000000)
  eden space 15872K, 0% used [0x00000000eab00000,0x00000000eab00000,0x00000000eba80000)
  from space 1536K, 97% used [0x00000000ebc80000,0x00000000ebdf8368,0x00000000ebe00000)
  to   space 2560K, 0% used [0x00000000ebe00000,0x00000000ebe00000,0x00000000ec080000)
 ParOldGen       total 68608K, used 51364K [0x00000000c0000000, 0x00000000c4300000, 0x00000000eab00000)
  object space 68608K, 74% used [0x00000000c0000000,0x00000000c3229208,0x00000000c4300000)
 Metaspace       used 56794K, committed 57792K, reserved 1105920K
  class space    used 6130K, committed 6592K, reserved 1048576K
}
Event: 6.762 GC heap before
{Heap before GC invocations=40 (full 2):
 PSYoungGen      total 17408K, used 17376K [0x00000000eab00000, 0x00000000ec080000, 0x0000000100000000)
  eden space 15872K, 100% used [0x00000000eab00000,0x00000000eba80000,0x00000000eba80000)
  from space 1536K, 97% used [0x00000000ebc80000,0x00000000ebdf8368,0x00000000ebe00000)
  to   space 2560K, 0% used [0x00000000ebe00000,0x00000000ebe00000,0x00000000ec080000)
 ParOldGen       total 68608K, used 51364K [0x00000000c0000000, 0x00000000c4300000, 0x00000000eab00000)
  object space 68608K, 74% used [0x00000000c0000000,0x00000000c3229208,0x00000000c4300000)
 Metaspace       used 56823K, committed 57856K, reserved 1105920K
  class space    used 6131K, committed 6592K, reserved 1048576K
}
Event: 6.770 GC heap after
{Heap after GC invocations=40 (full 2):
 PSYoungGen      total 17920K, used 1631K [0x00000000eab00000, 0x00000000ec000000, 0x0000000100000000)
  eden space 15872K, 0% used [0x00000000eab00000,0x00000000eab00000,0x00000000eba80000)
  from space 2048K, 79% used [0x00000000ebe00000,0x00000000ebf97f28,0x00000000ec000000)
  to   space 2048K, 0% used [0x00000000ebc00000,0x00000000ebc00000,0x00000000ebe00000)
 ParOldGen       total 68608K, used 52806K [0x00000000c0000000, 0x00000000c4300000, 0x00000000eab00000)
  object space 68608K, 76% used [0x00000000c0000000,0x00000000c3391b90,0x00000000c4300000)
 Metaspace       used 56823K, committed 57856K, reserved 1105920K
  class space    used 6131K, committed 6592K, reserved 1048576K
}
Event: 6.854 GC heap before
{Heap before GC invocations=41 (full 2):
 PSYoungGen      total 17920K, used 17503K [0x00000000eab00000, 0x00000000ec000000, 0x0000000100000000)
  eden space 15872K, 100% used [0x00000000eab00000,0x00000000eba80000,0x00000000eba80000)
  from space 2048K, 79% used [0x00000000ebe00000,0x00000000ebf97f28,0x00000000ec000000)
  to   space 2048K, 0% used [0x00000000ebc00000,0x00000000ebc00000,0x00000000ebe00000)
 ParOldGen       total 68608K, used 52806K [0x00000000c0000000, 0x00000000c4300000, 0x00000000eab00000)
  object space 68608K, 76% used [0x00000000c0000000,0x00000000c3391b90,0x00000000c4300000)
 Metaspace       used 56882K, committed 57856K, reserved 1105920K
  class space    used 6134K, committed 6592K, reserved 1048576K
}
Event: 6.860 GC heap after
{Heap after GC invocations=41 (full 2):
 PSYoungGen      total 17408K, used 1472K [0x00000000eab00000, 0x00000000ebe80000, 0x0000000100000000)
  eden space 15872K, 0% used [0x00000000eab00000,0x00000000eab00000,0x00000000eba80000)
  from space 1536K, 95% used [0x00000000ebc00000,0x00000000ebd70000,0x00000000ebd80000)
  to   space 1024K, 0% used [0x00000000ebd80000,0x00000000ebd80000,0x00000000ebe80000)
 ParOldGen       total 68608K, used 54214K [0x00000000c0000000, 0x00000000c4300000, 0x00000000eab00000)
  object space 68608K, 79% used [0x00000000c0000000,0x00000000c34f1b90,0x00000000c4300000)
 Metaspace       used 56882K, committed 57856K, reserved 1105920K
  class space    used 6134K, committed 6592K, reserved 1048576K
}
Event: 6.960 GC heap before
{Heap before GC invocations=42 (full 2):
 PSYoungGen      total 17408K, used 17344K [0x00000000eab00000, 0x00000000ebe80000, 0x0000000100000000)
  eden space 15872K, 100% used [0x00000000eab00000,0x00000000eba80000,0x00000000eba80000)
  from space 1536K, 95% used [0x00000000ebc00000,0x00000000ebd70000,0x00000000ebd80000)
  to   space 1024K, 0% used [0x00000000ebd80000,0x00000000ebd80000,0x00000000ebe80000)
 ParOldGen       total 68608K, used 54214K [0x00000000c0000000, 0x00000000c4300000, 0x00000000eab00000)
  object space 68608K, 79% used [0x00000000c0000000,0x00000000c34f1b90,0x00000000c4300000)
 Metaspace       used 56964K, committed 57984K, reserved 1105920K
  class space    used 6136K, committed 6592K, reserved 1048576K
}
Event: 6.965 GC heap after
{Heap after GC invocations=42 (full 2):
 PSYoungGen      total 16384K, used 1008K [0x00000000eab00000, 0x00000000ec180000, 0x0000000100000000)
  eden space 15360K, 0% used [0x00000000eab00000,0x00000000eab00000,0x00000000eba00000)
  from space 1024K, 98% used [0x00000000ebd80000,0x00000000ebe7c0e0,0x00000000ebe80000)
  to   space 3584K, 0% used [0x00000000eba00000,0x00000000eba00000,0x00000000ebd80000)
 ParOldGen       total 68608K, used 56258K [0x00000000c0000000, 0x00000000c4300000, 0x00000000eab00000)
  object space 68608K, 82% used [0x00000000c0000000,0x00000000c36f0bb0,0x00000000c4300000)
 Metaspace       used 56964K, committed 57984K, reserved 1105920K
  class space    used 6136K, committed 6592K, reserved 1048576K
}
Event: 7.071 GC heap before
{Heap before GC invocations=43 (full 2):
 PSYoungGen      total 16384K, used 16368K [0x00000000eab00000, 0x00000000ec180000, 0x0000000100000000)
  eden space 15360K, 100% used [0x00000000eab00000,0x00000000eba00000,0x00000000eba00000)
  from space 1024K, 98% used [0x00000000ebd80000,0x00000000ebe7c0e0,0x00000000ebe80000)
  to   space 3584K, 0% used [0x00000000eba00000,0x00000000eba00000,0x00000000ebd80000)
 ParOldGen       total 68608K, used 56258K [0x00000000c0000000, 0x00000000c4300000, 0x00000000eab00000)
  object space 68608K, 82% used [0x00000000c0000000,0x00000000c36f0bb0,0x00000000c4300000)
 Metaspace       used 56994K, committed 58048K, reserved 1105920K
  class space    used 6137K, committed 6592K, reserved 1048576K
}
Event: 7.082 GC heap after
{Heap after GC invocations=43 (full 2):
 PSYoungGen      total 16384K, used 764K [0x00000000eab00000, 0x00000000ebe00000, 0x0000000100000000)
  eden space 15360K, 0% used [0x00000000eab00000,0x00000000eab00000,0x00000000eba00000)
  from space 1024K, 74% used [0x00000000eba00000,0x00000000ebabf1d8,0x00000000ebb00000)
  to   space 2048K, 0% used [0x00000000ebc00000,0x00000000ebc00000,0x00000000ebe00000)
 ParOldGen       total 68608K, used 57012K [0x00000000c0000000, 0x00000000c4300000, 0x00000000eab00000)
  object space 68608K, 83% used [0x00000000c0000000,0x00000000c37ad018,0x00000000c4300000)
 Metaspace       used 56994K, committed 58048K, reserved 1105920K
  class space    used 6137K, committed 6592K, reserved 1048576K
}
Event: 7.192 GC heap before
{Heap before GC invocations=44 (full 2):
 PSYoungGen      total 16384K, used 16124K [0x00000000eab00000, 0x00000000ebe00000, 0x0000000100000000)
  eden space 15360K, 100% used [0x00000000eab00000,0x00000000eba00000,0x00000000eba00000)
  from space 1024K, 74% used [0x00000000eba00000,0x00000000ebabf1d8,0x00000000ebb00000)
  to   space 2048K, 0% used [0x00000000ebc00000,0x00000000ebc00000,0x00000000ebe00000)
 ParOldGen       total 68608K, used 57012K [0x00000000c0000000, 0x00000000c4300000, 0x00000000eab00000)
  object space 68608K, 83% used [0x00000000c0000000,0x00000000c37ad018,0x00000000c4300000)
 Metaspace       used 57051K, committed 58048K, reserved 1105920K
  class space    used 6138K, committed 6592K, reserved 1048576K
}
Event: 7.203 GC heap after
{Heap after GC invocations=44 (full 2):
 PSYoungGen      total 15872K, used 380K [0x00000000eab00000, 0x00000000ebc80000, 0x0000000100000000)
  eden space 15360K, 0% used [0x00000000eab00000,0x00000000eab00000,0x00000000eba00000)
  from space 512K, 74% used [0x00000000ebc00000,0x00000000ebc5f020,0x00000000ebc80000)
  to   space 1024K, 0% used [0x00000000eba80000,0x00000000eba80000,0x00000000ebb80000)
 ParOldGen       total 68608K, used 57348K [0x00000000c0000000, 0x00000000c4300000, 0x00000000eab00000)
  object space 68608K, 83% used [0x00000000c0000000,0x00000000c3801018,0x00000000c4300000)
 Metaspace       used 57051K, committed 58048K, reserved 1105920K
  class space    used 6138K, committed 6592K, reserved 1048576K
}

